<?xml version="1.0" encoding="UTF-8"?>
<testng-results ignored="0" total="1" passed="1" failed="0" skipped="0">
  <reporter-output>
  </reporter-output>
  <suite started-at="2023-03-21T08:17:01Z" name="Default suite" finished-at="2023-03-21T08:17:02Z" duration-ms="67">
    <groups>
    </groups>
    <test started-at="2023-03-21T08:17:01Z" name="Default test" finished-at="2023-03-21T08:17:02Z" duration-ms="67">
      <class name="practice2.practice2">
        <test-method signature="practiceTest()[pri:0, instance:practice2.practice2@14f9390f]" started-at="2023-03-21T08:17:02Z" name="practiceTest" finished-at="2023-03-21T08:17:02Z" duration-ms="15" status="PASS">
          <reporter-output>
          </reporter-output>
        </test-method> <!-- practiceTest -->
      </class> <!-- practice2.practice2 -->
    </test> <!-- Default test -->
  </suite> <!-- Default suite -->
</testng-results>
