<?xml version="1.0" encoding="UTF-8"?>
<testng-results ignored="0" total="1" passed="1" failed="0" skipped="0">
  <reporter-output>
  </reporter-output>
  <suite started-at="2023-03-21T07:48:17Z" name="Default suite" finished-at="2023-03-21T07:48:17Z" duration-ms="94">
    <groups>
    </groups>
    <test started-at="2023-03-21T07:48:17Z" name="Default test" finished-at="2023-03-21T07:48:17Z" duration-ms="94">
      <class name="practice.Practice">
        <test-method signature="sample()[pri:0, instance:practice.Practice@14f9390f]" started-at="2023-03-21T07:48:17Z" name="sample" finished-at="2023-03-21T07:48:17Z" duration-ms="28" status="PASS">
          <reporter-output>
          </reporter-output>
        </test-method> <!-- sample -->
      </class> <!-- practice.Practice -->
    </test> <!-- Default test -->
  </suite> <!-- Default suite -->
</testng-results>
